#
# There is insufficient memory for the Java Runtime Environment to continue.
# Native memory allocation (malloc) failed to allocate 1048576 bytes for AllocateHeap
# Possible reasons:
#   The system is out of physical RAM or swap space
#   The process is running with CompressedOops enabled, and the Java Heap may be blocking the growth of the native heap
# Possible solutions:
#   Reduce memory load on the system
#   Increase physical memory or swap space
#   Check if swap backing store is full
#   Decrease Java heap size (-Xmx/-Xms)
#   Decrease number of Java threads
#   Decrease Java thread stack sizes (-Xss)
#   Set larger code cache with -XX:ReservedCodeCacheSize=
#   JVM is running with Unscaled Compressed Oops mode in which the Java heap is
#     placed in the first 4GB address space. The Java Heap base address is the
#     maximum limit for the native heap growth. Please use -XX:HeapBaseMinAddress
#     to set the Java Heap base and to place the Java Heap above 4GB virtual address.
# This output file may be truncated or incomplete.
#
#  Out of Memory Error (allocation.cpp:44), pid=4580, tid=17440
#
# JRE version:  (17.0.6+10) (build )
# Java VM: OpenJDK 64-Bit Server VM (17.0.6+10, mixed mode, tiered, compressed oops, compressed class ptrs, parallel gc, windows-amd64)
# No core dump will be written. Minidumps are not enabled by default on client versions of Windows
#

---------------  S U M M A R Y ------------

Command Line: --add-modules=ALL-SYSTEM --add-opens=java.base/java.util=ALL-UNNAMED --add-opens=java.base/java.lang=ALL-UNNAMED --add-opens=java.base/sun.nio.fs=ALL-UNNAMED -Declipse.application=org.eclipse.jdt.ls.core.id1 -Dosgi.bundles.defaultStartLevel=4 -Declipse.product=org.eclipse.jdt.ls.core.product -Djava.import.generatesMetadataFilesAtProjectRoot=false -Dfile.encoding=utf8 -XX:+UseParallelGC -XX:GCTimeRatio=4 -XX:AdaptiveSizePolicyWeight=90 -Dsun.zip.disableMemoryMapping=true -Xmx1G -Xms100m -Xlog:disable -javaagent:c:\Users\Chameleon\.vscode\extensions\redhat.java-1.16.0-win32-x64\lombok\lombok-1.18.24.jar -XX:+HeapDumpOnOutOfMemoryError -XX:HeapDumpPath=c:\Users\Chameleon\AppData\Roaming\Code\User\workspaceStorage\35b886beeaa8f7b300574d94fb569e9d\redhat.java c:\Users\Chameleon\.vscode\extensions\redhat.java-1.16.0-win32-x64\server\plugins\org.eclipse.equinox.launcher_1.6.400.v20210924-0641.jar -configuration c:\Users\Chameleon\AppData\Roaming\Code\User\globalStorage\redhat.java\1.16.0\config_win -data c:\Users\Chameleon\AppData\Roaming\Code\User\workspaceStorage\35b886beeaa8f7b300574d94fb569e9d\redhat.java\jdt_ws

Host: AMD A8-7410 APU with AMD Radeon R5 Graphics    , 4 cores, 6G,  Windows 10 , 64 bit Build 19041 (10.0.19041.2546)
Time: Sat Apr  8 21:58:30 2023 SE Asia Standard Time elapsed time: 0.355424 seconds (0d 0h 0m 0s)

---------------  T H R E A D  ---------------

Current thread (0x0000017c63b62150):  JavaThread "Unknown thread" [_thread_in_vm, id=17440, stack(0x0000006b0c200000,0x0000006b0c300000)]

Stack: [0x0000006b0c200000,0x0000006b0c300000]
Native frames: (J=compiled Java code, j=interpreted, Vv=VM code, C=native code)
V  [jvm.dll+0x67741a]
V  [jvm.dll+0x834434]
V  [jvm.dll+0x835bde]
V  [jvm.dll+0x836243]
V  [jvm.dll+0x2457b5]
V  [jvm.dll+0xa626f]
V  [jvm.dll+0x6a9a96]
V  [jvm.dll+0x6aa63f]
V  [jvm.dll+0x683b13]
V  [jvm.dll+0x80684b]
V  [jvm.dll+0x3693b4]
V  [jvm.dll+0x7e56ac]
V  [jvm.dll+0x3eb35f]
V  [jvm.dll+0x3ecea1]
C  [jli.dll+0x5267]
C  [ucrtbase.dll+0x21bb2]
C  [KERNEL32.DLL+0x17614]
C  [ntdll.dll+0x526a1]


---------------  P R O C E S S  ---------------

Threads class SMR info:
_java_thread_list=0x00007ff8e1e55fd8, length=0, elements={
}

Java Threads: ( => current thread )

Other Threads:
  0x0000017c63b79eb0 GCTaskThread "GC Thread#0" [stack: 0x0000006b0c300000,0x0000006b0c400000] [id=4600]

=>0x0000017c63b62150 (exited) JavaThread "Unknown thread" [_thread_in_vm, id=17440, stack(0x0000006b0c200000,0x0000006b0c300000)]

Threads with active compile tasks:

VM state: not at safepoint (normal execution)

VM Mutex/Monitor currently owned by a thread: None

Heap address: 0x00000000c0000000, size: 1024 MB, Compressed Oops mode: 32-bit

CDS archive(s) not mapped
Compressed class space mapped at: 0x0000000100000000-0x0000000140000000, reserved size: 1073741824
Narrow klass base: 0x0000000000000000, Narrow klass shift: 3, Narrow klass range: 0x140000000

GC Precious Log:
 CPUs: 4 total, 4 available
 Memory: 7074M
 Large Page Support: Disabled
 NUMA Support: Disabled
 Compressed Oops: Enabled (32-bit)
 Alignments: Space 512K, Generation 512K, Heap 2M
 Heap Min Capacity: 100M
 Heap Initial Capacity: 100M
 Heap Max Capacity: 1G
 Pre-touch: Disabled
 Parallel Workers: 4

Heap:
 PSYoungGen      total 29696K, used 512K [0x00000000eab00000, 0x00000000ecc00000, 0x0000000100000000)
  eden space 25600K, 2% used [0x00000000eab00000,0x00000000eab80070,0x00000000ec400000)
  from space 4096K, 0% used [0x00000000ec800000,0x00000000ec800000,0x00000000ecc00000)
  to   space 4096K, 0% used [0x00000000ec400000,0x00000000ec400000,0x00000000ec800000)
 ParOldGen       total 68608K, used 0K [0x00000000c0000000, 0x00000000c4300000, 0x00000000eab00000)
  object space 68608K, 0% used [0x00000000c0000000,0x00000000c0000000,0x00000000c4300000)
 Metaspace       used 1149K, committed 1216K, reserved 1056768K
  class space    used 101K, committed 128K, reserved 1048576K

Card table byte_map: [0x0000017c771c0000,0x0000017c773d0000] _byte_map_base: 0x0000017c76bc0000

Marking Bits: (ParMarkBitMap*) 0x00007ff8e1ec3e70
 Begin Bits: [0x0000017c77530000, 0x0000017c78530000)
 End Bits:   [0x0000017c78530000, 0x0000017c79530000)

Polling page: 0x0000017c63950000

Metaspace:

Usage:
  Non-class:      1.02 MB used.
      Class:    101.01 KB used.
       Both:      1.12 MB used.

Virtual space:
  Non-class space:        8.00 MB reserved,       1.06 MB ( 13%) committed,  1 nodes.
      Class space:        1.00 GB reserved,     128.00 KB ( <1%) committed,  1 nodes.
             Both:        1.01 GB reserved,       1.19 MB ( <1%) committed. 

Chunk freelists:
   Non-Class:  0 bytes
       Class:  3.75 MB
        Both:  3.75 MB

MaxMetaspaceSize: unlimited
CompressedClassSpaceSize: 1.00 GB
Initial GC threshold: 21.00 MB
Current GC threshold: 17179869184.00 GB
CDS: off
MetaspaceReclaimPolicy: balanced
 - commit_granule_bytes: 65536.
 - commit_granule_words: 8192.
 - virtual_space_node_default_size: 1048576.
 - enlarge_chunks_in_place: 1.
 - new_chunks_are_fully_committed: 0.
 - uncommit_free_chunks: 1.
 - use_allocation_guard: 0.
 - handle_deallocations: 1.


Internal statistics:

num_allocs_failed_limit: 0.
num_arena_births: 2.
num_arena_deaths: 0.
num_vsnodes_births: 2.
num_vsnodes_deaths: 0.
num_space_committed: 19.
num_space_uncommitted: 0.
num_chunks_returned_to_freelist: 0.
num_chunks_taken_from_freelist: 3.
num_chunk_merges: 0.
num_chunk_splits: 1.
num_chunks_enlarged: 0.
num_purges: 0.
num_inconsistent_stats: 0.

CodeHeap 'non-profiled nmethods': size=120000Kb used=0Kb max_used=0Kb free=120000Kb
 bounds [0x0000017c6fab0000, 0x0000017c6fd20000, 0x0000017c76fe0000]
CodeHeap 'profiled nmethods': size=120000Kb used=0Kb max_used=0Kb free=120000Kb
 bounds [0x0000017c67fe0000, 0x0000017c68250000, 0x0000017c6f510000]
CodeHeap 'non-nmethods': size=5760Kb used=201Kb max_used=352Kb free=5559Kb
 bounds [0x0000017c6f510000, 0x0000017c6f780000, 0x0000017c6fab0000]
 total_blobs=65 nmethods=0 adapters=47
 compilation: enabled
              stopped_count=0, restarted_count=0
 full_count=0

Compilation events (0 events):
No events

GC Heap History (0 events):
No events

Dll operation events (1 events):
Event: 0.077 Loaded shared library c:\Users\Chameleon\.vscode\extensions\redhat.java-1.16.0-win32-x64\jre\17.0.6-win32-x86_64\bin\java.dll

Deoptimization events (0 events):
No events

Classes unloaded (0 events):
No events

Classes redefined (0 events):
No events

Internal exceptions (0 events):
No events

VM Operations (0 events):
No events

Events (20 events):
Event: 0.300 loading class java/lang/Long
Event: 0.306 loading class java/lang/Long done
Event: 0.306 loading class java/util/Iterator
Event: 0.306 loading class java/util/Iterator done
Event: 0.306 loading class java/lang/reflect/RecordComponent
Event: 0.307 loading class java/lang/reflect/RecordComponent done
Event: 0.307 loading class jdk/internal/vm/vector/VectorSupport
Event: 0.307 loading class jdk/internal/vm/vector/VectorSupport done
Event: 0.307 loading class jdk/internal/vm/vector/VectorSupport$VectorPayload
Event: 0.307 loading class jdk/internal/vm/vector/VectorSupport$VectorPayload done
Event: 0.307 loading class jdk/internal/vm/vector/VectorSupport$Vector
Event: 0.308 loading class jdk/internal/vm/vector/VectorSupport$Vector done
Event: 0.308 loading class jdk/internal/vm/vector/VectorSupport$VectorMask
Event: 0.308 loading class jdk/internal/vm/vector/VectorSupport$VectorMask done
Event: 0.308 loading class jdk/internal/vm/vector/VectorSupport$VectorShuffle
Event: 0.308 loading class jdk/internal/vm/vector/VectorSupport$VectorShuffle done
Event: 0.317 loading class java/lang/NullPointerException
Event: 0.317 loading class java/lang/NullPointerException done
Event: 0.317 loading class java/lang/ArithmeticException
Event: 0.317 loading class java/lang/ArithmeticException done


Dynamic libraries:
0x00007ff6dec00000 - 0x00007ff6dec0e000 	c:\Users\Chameleon\.vscode\extensions\redhat.java-1.16.0-win32-x64\jre\17.0.6-win32-x86_64\bin\java.exe
0x00007ff92ac70000 - 0x00007ff92ae68000 	C:\Windows\SYSTEM32\ntdll.dll
0x00007ff928ce0000 - 0x00007ff928d9f000 	C:\Windows\System32\KERNEL32.DLL
0x00007ff928770000 - 0x00007ff928a42000 	C:\Windows\System32\KERNELBASE.dll
0x00007ff928370000 - 0x00007ff928470000 	C:\Windows\System32\ucrtbase.dll
0x00007ff91c360000 - 0x00007ff91c377000 	c:\Users\Chameleon\.vscode\extensions\redhat.java-1.16.0-win32-x64\jre\17.0.6-win32-x86_64\bin\jli.dll
0x00007ff928da0000 - 0x00007ff928f41000 	C:\Windows\System32\USER32.dll
0x00007ff928b60000 - 0x00007ff928b82000 	C:\Windows\System32\win32u.dll
0x00007ff929cf0000 - 0x00007ff929d1b000 	C:\Windows\System32\GDI32.dll
0x00007ff928a50000 - 0x00007ff928b5f000 	C:\Windows\System32\gdi32full.dll
0x00007ff928b90000 - 0x00007ff928c2d000 	C:\Windows\System32\msvcp_win.dll
0x00007ff91c060000 - 0x00007ff91c079000 	c:\Users\Chameleon\.vscode\extensions\redhat.java-1.16.0-win32-x64\jre\17.0.6-win32-x86_64\bin\VCRUNTIME140.dll
0x00007ff927700000 - 0x00007ff92799a000 	C:\Windows\WinSxS\amd64_microsoft.windows.common-controls_6595b64144ccf1df_6.0.19041.1110_none_60b5254171f9507e\COMCTL32.dll
0x00007ff92a310000 - 0x00007ff92a3ae000 	C:\Windows\System32\msvcrt.dll
0x00007ff92a680000 - 0x00007ff92a6b0000 	C:\Windows\System32\IMM32.DLL
0x00007ff91e160000 - 0x00007ff91e16c000 	c:\Users\Chameleon\.vscode\extensions\redhat.java-1.16.0-win32-x64\jre\17.0.6-win32-x86_64\bin\vcruntime140_1.dll
0x00007ff8e70f0000 - 0x00007ff8e7181000 	c:\Users\Chameleon\.vscode\extensions\redhat.java-1.16.0-win32-x64\jre\17.0.6-win32-x86_64\bin\msvcp140.dll
0x00007ff8e1340000 - 0x00007ff8e1f87000 	c:\Users\Chameleon\.vscode\extensions\redhat.java-1.16.0-win32-x64\jre\17.0.6-win32-x86_64\bin\server\jvm.dll
0x00007ff929730000 - 0x00007ff9297de000 	C:\Windows\System32\ADVAPI32.dll
0x00007ff929910000 - 0x00007ff9299ac000 	C:\Windows\System32\sechost.dll
0x00007ff929bc0000 - 0x00007ff929ce4000 	C:\Windows\System32\RPCRT4.dll
0x00007ff913050000 - 0x00007ff913059000 	C:\Windows\SYSTEM32\WSOCK32.dll
0x00007ff92a410000 - 0x00007ff92a47b000 	C:\Windows\System32\WS2_32.dll
0x00007ff91c0f0000 - 0x00007ff91c117000 	C:\Windows\SYSTEM32\WINMM.dll
0x00007ff91c820000 - 0x00007ff91c82a000 	C:\Windows\SYSTEM32\VERSION.dll
0x00007ff9253f0000 - 0x00007ff925402000 	C:\Windows\SYSTEM32\kernel.appcore.dll
0x00007ff91c4a0000 - 0x00007ff91c4aa000 	c:\Users\Chameleon\.vscode\extensions\redhat.java-1.16.0-win32-x64\jre\17.0.6-win32-x86_64\bin\jimage.dll
0x00007ff927c90000 - 0x00007ff927e74000 	C:\Windows\SYSTEM32\DBGHELP.DLL
0x00007ff927ab0000 - 0x00007ff927ae5000 	C:\Windows\SYSTEM32\dbgcore.DLL
0x00007ff928c30000 - 0x00007ff928cb2000 	C:\Windows\System32\bcryptPrimitives.dll
0x00007ff919f40000 - 0x00007ff919f4e000 	c:\Users\Chameleon\.vscode\extensions\redhat.java-1.16.0-win32-x64\jre\17.0.6-win32-x86_64\bin\instrument.dll
0x00007ff9093e0000 - 0x00007ff909405000 	c:\Users\Chameleon\.vscode\extensions\redhat.java-1.16.0-win32-x64\jre\17.0.6-win32-x86_64\bin\java.dll
0x00007ff9162d0000 - 0x00007ff9162e8000 	c:\Users\Chameleon\.vscode\extensions\redhat.java-1.16.0-win32-x64\jre\17.0.6-win32-x86_64\bin\zip.dll

dbghelp: loaded successfully - version: 4.0.5 - missing functions: none
symbol engine: initialized successfully - sym options: 0x614 - pdb path: .;c:\Users\Chameleon\.vscode\extensions\redhat.java-1.16.0-win32-x64\jre\17.0.6-win32-x86_64\bin;C:\Windows\SYSTEM32;C:\Windows\WinSxS\amd64_microsoft.windows.common-controls_6595b64144ccf1df_6.0.19041.1110_none_60b5254171f9507e;c:\Users\Chameleon\.vscode\extensions\redhat.java-1.16.0-win32-x64\jre\17.0.6-win32-x86_64\bin\server

VM Arguments:
jvm_args: --add-modules=ALL-SYSTEM --add-opens=java.base/java.util=ALL-UNNAMED --add-opens=java.base/java.lang=ALL-UNNAMED --add-opens=java.base/sun.nio.fs=ALL-UNNAMED -Declipse.application=org.eclipse.jdt.ls.core.id1 -Dosgi.bundles.defaultStartLevel=4 -Declipse.product=org.eclipse.jdt.ls.core.product -Djava.import.generatesMetadataFilesAtProjectRoot=false -Dfile.encoding=utf8 -XX:+UseParallelGC -XX:GCTimeRatio=4 -XX:AdaptiveSizePolicyWeight=90 -Dsun.zip.disableMemoryMapping=true -Xmx1G -Xms100m -Xlog:disable -javaagent:c:\Users\Chameleon\.vscode\extensions\redhat.java-1.16.0-win32-x64\lombok\lombok-1.18.24.jar -XX:+HeapDumpOnOutOfMemoryError -XX:HeapDumpPath=c:\Users\Chameleon\AppData\Roaming\Code\User\workspaceStorage\35b886beeaa8f7b300574d94fb569e9d\redhat.java 
java_command: c:\Users\Chameleon\.vscode\extensions\redhat.java-1.16.0-win32-x64\server\plugins\org.eclipse.equinox.launcher_1.6.400.v20210924-0641.jar -configuration c:\Users\Chameleon\AppData\Roaming\Code\User\globalStorage\redhat.java\1.16.0\config_win -data c:\Users\Chameleon\AppData\Roaming\Code\User\workspaceStorage\35b886beeaa8f7b300574d94fb569e9d\redhat.java\jdt_ws
java_class_path (initial): c:\Users\Chameleon\.vscode\extensions\redhat.java-1.16.0-win32-x64\server\plugins\org.eclipse.equinox.launcher_1.6.400.v20210924-0641.jar
Launcher Type: SUN_STANDARD

[Global flags]
    uintx AdaptiveSizePolicyWeight                 = 90                                        {product} {command line}
     intx CICompilerCount                          = 3                                         {product} {ergonomic}
    uintx GCTimeRatio                              = 4                                         {product} {command line}
     bool HeapDumpOnOutOfMemoryError               = true                                   {manageable} {command line}
    ccstr HeapDumpPath                             = c:\Users\Chameleon\AppData\Roaming\Code\User\workspaceStorage\35b886beeaa8f7b300574d94fb569e9d\redhat.java         {manageable} {command line}
   size_t InitialHeapSize                          = 104857600                                 {product} {command line}
   size_t MaxHeapSize                              = 1073741824                                {product} {command line}
   size_t MaxNewSize                               = 357564416                                 {product} {ergonomic}
   size_t MinHeapDeltaBytes                        = 524288                                    {product} {ergonomic}
   size_t MinHeapSize                              = 104857600                                 {product} {command line}
   size_t NewSize                                  = 34603008                                  {product} {ergonomic}
    uintx NonNMethodCodeHeapSize                   = 5832780                                {pd product} {ergonomic}
    uintx NonProfiledCodeHeapSize                  = 122912730                              {pd product} {ergonomic}
   size_t OldSize                                  = 70254592                                  {product} {ergonomic}
    uintx ProfiledCodeHeapSize                     = 122912730                              {pd product} {ergonomic}
    uintx ReservedCodeCacheSize                    = 251658240                              {pd product} {ergonomic}
     bool SegmentedCodeCache                       = true                                      {product} {ergonomic}
   size_t SoftMaxHeapSize                          = 1073741824                             {manageable} {ergonomic}
     bool UseCompressedClassPointers               = true                           {product lp64_product} {ergonomic}
     bool UseCompressedOops                        = true                           {product lp64_product} {ergonomic}
     bool UseLargePagesIndividualAllocation        = false                                  {pd product} {ergonomic}
     bool UseParallelGC                            = true                                      {product} {command line}

Logging:
Log output configuration:
 #0: stdout all=off uptime,level,tags
 #1: stderr all=off uptime,level,tags

Environment Variables:
JAVA_HOME=C:\openjdk-19.0.2_windows-x64_bin\jdk-19.0.2
PATH=C:\Program Files (x86)\Common Files\Oracle\Java\javapath;C:\Python310\Scripts\;C:\Python310\;C:\Python39\Scripts\;C:\Python39\;C:\Windows\system32;C:\Windows;C:\Windows\System32\Wbem;C:\Windows\System32\WindowsPowerShell\v1.0\;C:\Windows\System32\OpenSSH\;C:\Windows\Microsoft.NET\Framework\v4.0.30319;C:\Program Files\SQL Anywhere 17\bin64;C:\Program Files\SQL Anywhere 17\bin32;C:\Program Files\Git\cmd;C:\ProgramData\chocolatey\bin;C:\Program Files\mingw-w64\x86_64-8.1.0-posix-seh-rt_v6-rev0\mingw64\bin;C:\Program Files\nodejs\;C:\Program Files\dotnet\;C:\Program Files\Microsoft SQL Server\Client SDK\ODBC\170\Tools\Binn\;C:\Program Files (x86)\Microsoft SQL Server\150\Tools\Binn\;C:\Program Files\Microsoft SQL Server\150\Tools\Binn\;C:\Program Files\Microsoft SQL Server\150\DTS\Binn\;C:\Program Files (x86)\Microsoft SQL Server\150\DTS\Binn\;C:\Program Files\Azure Data Studio\bin;C:\ProgramData\ComposerSetup\bin;C:\Program Files\PuTTY\;C:\Program Files\Docker\Docker\resources\bin;C:\src\flutter\bin;C:\apache-maven-3.9.0-bin\bin;C:\openjdk-19.0.2_windows-x64_bin\jdk-19.0.2\bin;C:\dart-sdk\bin;C:\Users\Chameleon\AppData\Local\Android\Sdk;C:\Users\Chameleon\AppData\Local\Android\Sdk\platform-tools;C:\laragon\bin\php\php-8.1.10-Win32-vs16-x64;C:\laragon\bin;C:\laragon\bin\apache\httpd-2.4.54-win64-VS16\bin;C:\laragon\bin\composer;C:\laragon\bin\git\bin;C:\laragon\bin\git\cmd;C:\laragon\bin\git\mingw64\bin;C:\laragon\bin\git\usr\bin;C:\laragon\bin\laragon\utils;C:\laragon\bin\mysql\mysql-8.0.30-winx64\bin;C:\laragon\bin\nginx\nginx-1.22.0;C:\laragon\bin\ngrok;C:\laragon\bin\nodejs\node-v18;C:\laragon\bin\notepad++;C:\laragon\bin\php\php-8.1.10-Win32-vs16-x64;C:\laragon\bin\python\python-3.10;C:\laragon\bin\python\python-3.10\Scripts;C:\laragon\bin\redis\redis-x64-5.0.14.1;C:\laragon\bin\telnet;C:\laragon\usr\bin;C:\Users\Chameleon\AppData\Local\Yarn\config\global\node_modules\.bin;C:\Users\Chameleon\AppData\Roaming\Composer\vendor\bin;C:\Users\Chameleon\AppData\Roaming\n
USERNAME=Chameleon
OS=Windows_NT
PROCESSOR_IDENTIFIER=AMD64 Family 22 Model 48 Stepping 1, AuthenticAMD
TMP=C:\Users\CHAMEL~1\AppData\Local\Temp
TEMP=C:\Users\CHAMEL~1\AppData\Local\Temp



---------------  S Y S T E M  ---------------

OS:
 Windows 10 , 64 bit Build 19041 (10.0.19041.2546)
OS uptime: 1 days 6:43 hours
Hyper-V role detected

CPU: total 4 (initial active 4) (4 cores per cpu, 1 threads per core) family 22 model 48 stepping 1 microcode 0x0, cx8, cmov, fxsr, mmx, 3dnowpref, sse, sse2, sse3, ssse3, sse4a, sse4.1, sse4.2, popcnt, lzcnt, tsc, tscinvbit, avx, aes, clmul, bmi1, vzeroupper, clflush, hv

Memory: 4k page, system-wide physical 7074M (1330M free)
TotalPageFile size 11170M (AvailPageFile size 4M)
current process WorkingSet (physical memory assigned to process): 15M, peak: 15M
current process commit charge ("private bytes"): 151M, peak: 152M

vm_info: OpenJDK 64-Bit Server VM (17.0.6+10) for windows-amd64 JRE (17.0.6+10), built on Jan 18 2023 10:08:59 by "temurin" with MS VC++ 16.7 (VS2019)

END.
